[2018-06-07 19:42:42.541] [exthost1] [info] extension host started
[2018-06-07 19:42:43.732] [exthost1] [info] extension host started
[2018-06-07 19:42:43.825] [exthost1] [info] ExtensionService#_doActivateExtension vscode.emmet {"startup":true,"activationEvent":"*"}
[2018-06-07 19:42:43.826] [exthost1] [info] ExtensionService#loadCommonJSModule /home/adam/.codemix/engine/resources/app/extensions/emmet/out/extension
[2018-06-07 19:42:43.983] [exthost1] [info] ExtensionService#_doActivateExtension vscode.git {"startup":true,"activationEvent":"*"}
[2018-06-07 19:42:43.983] [exthost1] [info] ExtensionService#loadCommonJSModule /home/adam/.codemix/engine/resources/app/extensions/git/out/main
[2018-06-07 19:42:44.162] [exthost1] [info] ExtensionService#_doActivateExtension vscode.merge-conflict {"startup":true,"activationEvent":"*"}
[2018-06-07 19:42:44.162] [exthost1] [info] ExtensionService#loadCommonJSModule /home/adam/.codemix/engine/resources/app/extensions/merge-conflict/out/extension
[2018-06-07 19:42:44.196] [exthost1] [info] ExtensionService#_doActivateExtension HookyQR.beautify {"startup":true,"activationEvent":"*"}
[2018-06-07 19:42:44.196] [exthost1] [info] ExtensionService#loadCommonJSModule /home/adam/.vscode/extensions/HookyQR.beautify-1.3.0/extension
[2018-06-07 19:42:44.317] [exthost1] [info] ExtensionService#_doActivateExtension Zignd.html-css-class-completion {"startup":true,"activationEvent":"*"}
[2018-06-07 19:42:44.317] [exthost1] [info] ExtensionService#loadCommonJSModule /home/adam/.vscode/extensions/Zignd.html-css-class-completion-1.17.1/out/src/extension
[2018-06-07 19:42:45.221] [exthost1] [info] ExtensionService#_doActivateExtension christian-kohler.path-intellisense {"startup":true,"activationEvent":"*"}
[2018-06-07 19:42:45.221] [exthost1] [info] ExtensionService#loadCommonJSModule /home/adam/.vscode/extensions/christian-kohler.path-intellisense-1.4.2/out/src/extension
[2018-06-07 19:42:45.253] [exthost1] [info] ExtensionService#_doActivateExtension dbaeumer.vscode-eslint {"startup":true,"activationEvent":"*"}
[2018-06-07 19:42:45.253] [exthost1] [info] ExtensionService#loadCommonJSModule /home/adam/.vscode/extensions/dbaeumer.vscode-eslint-1.4.10/client/out/extension
[2018-06-07 19:42:45.432] [exthost1] [info] ExtensionService#_doActivateExtension formulahendry.auto-close-tag {"startup":true,"activationEvent":"*"}
[2018-06-07 19:42:45.432] [exthost1] [info] ExtensionService#loadCommonJSModule /home/adam/.vscode/extensions/formulahendry.auto-close-tag-0.5.6/out/src/extension
[2018-06-07 19:42:45.438] [exthost1] [info] eager extensions activated
[2018-06-07 19:42:45.439] [exthost1] [info] ExtensionService#_doActivateExtension vscode.configuration-editing {"startup":false,"activationEvent":"onLanguage:jsonc"}
[2018-06-07 19:42:45.439] [exthost1] [info] ExtensionService#loadCommonJSModule /home/adam/.codemix/engine/resources/app/extensions/configuration-editing/out/extension
[2018-06-07 19:42:45.464] [exthost1] [info] ExtensionService#_doActivateExtension vscode.json {"startup":false,"activationEvent":"onLanguage:jsonc"}
[2018-06-07 19:42:45.464] [exthost1] [info] ExtensionService#loadCommonJSModule /home/adam/.codemix/engine/resources/app/extensions/json/client/out/jsonMain
